#
# There is insufficient memory for the Java Runtime Environment to continue.
# Native memory allocation (mmap) failed to map 266338304 bytes for G1 virtual space
# Possible reasons:
#   The system is out of physical RAM or swap space
#   The process is running with CompressedOops enabled, and the Java Heap may be blocking the growth of the native heap
# Possible solutions:
#   Reduce memory load on the system
#   Increase physical memory or swap space
#   Check if swap backing store is full
#   Decrease Java heap size (-Xmx/-Xms)
#   Decrease number of Java threads
#   Decrease Java thread stack sizes (-Xss)
#   Set larger code cache with -XX:ReservedCodeCacheSize=
#   JVM is running with Zero Based Compressed Oops mode in which the Java heap is
#     placed in the first 32GB address space. The Java Heap base address is the
#     maximum limit for the native heap growth. Please use -XX:HeapBaseMinAddress
#     to set the Java Heap base and to place the Java Heap above 32GB virtual address.
# This output file may be truncated or incomplete.
#
#  Out of Memory Error (os_windows.cpp:3825), pid=15416, tid=10700
#
# JRE version:  (17.0.10) (build )
# Java VM: OpenJDK 64-Bit Server VM (17.0.10+0--11609105, mixed mode, sharing, tiered, compressed oops, compressed class ptrs, g1 gc, windows-amd64)
# No core dump will be written. Minidumps are not enabled by default on client versions of Windows
#

---------------  S U M M A R Y ------------

Command Line: org.jetbrains.kotlin.cli.jvm.K2JVMCompiler @D:\Sharing\Kalkulator Final\28_Muhammad Choirul Rasyid_Final\app\build\20240925_2883633535005777398.compiler.options

Host: 12th Gen Intel(R) Core(TM) i7-12700F, 20 cores, 15G,  Windows 11 , 64 bit Build 22621 (10.0.22621.3672)
Time: Wed Sep 25 10:56:43 2024 SE Asia Standard Time elapsed time: 0.012606 seconds (0d 0h 0m 0s)

---------------  T H R E A D  ---------------

Current thread (0x000001a8215aed40):  JavaThread "Unknown thread" [_thread_in_vm, id=10700, stack(0x0000005b5dc00000,0x0000005b5dd00000)]

Stack: [0x0000005b5dc00000,0x0000005b5dd00000]
Native frames: (J=compiled Java code, j=interpreted, Vv=VM code, C=native code)
V  [jvm.dll+0x688de9]
V  [jvm.dll+0x8423da]
V  [jvm.dll+0x84401e]
V  [jvm.dll+0x844683]
V  [jvm.dll+0x24be0f]
V  [jvm.dll+0x685bb9]
V  [jvm.dll+0x67a46a]
V  [jvm.dll+0x30cbab]
V  [jvm.dll+0x314056]
V  [jvm.dll+0x363dce]
V  [jvm.dll+0x363fff]
V  [jvm.dll+0x2e2978]
V  [jvm.dll+0x2e38e4]
V  [jvm.dll+0x812f71]
V  [jvm.dll+0x371c81]
V  [jvm.dll+0x7f1ac6]
V  [jvm.dll+0x3f58df]
V  [jvm.dll+0x3f7511]
C  [jli.dll+0x528f]
C  [ucrtbase.dll+0x29333]
C  [KERNEL32.DLL+0x1257d]
C  [ntdll.dll+0x5af28]


---------------  P R O C E S S  ---------------

Threads class SMR info:
_java_thread_list=0x00007ffb054aef58, length=0, elements={
}

Java Threads: ( => current thread )

Other Threads:
  0x000001a82161f220 GCTaskThread "GC Thread#0" [stack: 0x0000005b5dd00000,0x0000005b5de00000] [id=18904]
  0x000001a82162fec0 ConcurrentGCThread "G1 Main Marker" [stack: 0x0000005b5de00000,0x0000005b5df00000] [id=5224]
  0x000001a8216308e0 ConcurrentGCThread "G1 Conc#0" [stack: 0x0000005b5df00000,0x0000005b5e000000] [id=6800]

[error occurred during error reporting (printing all threads), id 0xc0000005, EXCEPTION_ACCESS_VIOLATION (0xc0000005) at pc=0x00007ffb04c63547]

VM state: not at safepoint (not fully initialized)

VM Mutex/Monitor currently owned by a thread:  ([mutex/lock_event])
[0x000001a8215a9d90] Heap_lock - owner thread: 0x000001a8215aed40

Heap address: 0x0000000702a00000, size: 4054 MB, Compressed Oops mode: Zero based, Oop shift amount: 3

CDS archive(s) mapped at: [0x0000000000000000-0x0000000000000000-0x0000000000000000), size 0, SharedBaseAddress: 0x0000000800000000, ArchiveRelocationMode: 1.
Narrow klass base: 0x0000000000000000, Narrow klass shift: 0, Narrow klass range: 0x0

GC Precious Log:
<Empty>

Heap:
 garbage-first heap   total 0K, used 0K [0x0000000702a00000, 0x0000000800000000)
  region size 2048K, 0 young (0K), 0 survivors (0K)
 Metaspace       used 0K, committed 0K, reserved 0K
  class space    used 0K, committed 0K, reserved 0K

Heap Regions: E=young(eden), S=young(survivor), O=old, HS=humongous(starts), HC=humongous(continues), CS=collection set, F=free, OA=open archive, CA=closed archive, TAMS=top-at-mark-start (previous, next)

Card table byte_map: [0x000001a834d20000,0x000001a835510000] _byte_map_base: 0x000001a83150b000

Marking Bits (Prev, Next): (CMBitMap*) 0x000001a82161f840, (CMBitMap*) 0x000001a82161f880
 Prev Bits: [0x000001a835d00000, 0x000001a839c58000)
 Next Bits: [0x000001a839c60000, 0x000001a83dbb8000)

GC Heap History (0 events):
No events

Dll operation events (1 events):
Event: 0.008 Loaded shared library C:\Program Files\Android\Android Studio\jbr\bin\java.dll

Deoptimization events (0 events):
No events

Classes unloaded (0 events):
No events

Classes redefined (0 events):
No events

Internal exceptions (0 events):
No events

VM Operations (0 events):
No events

Events (0 events):
No events


Dynamic libraries:
0x00007ff775a40000 - 0x00007ff775a4a000 	C:\Program Files\Android\Android Studio\jbr\bin\java.exe
0x00007ffb537b0000 - 0x00007ffb539c7000 	C:\Windows\SYSTEM32\ntdll.dll
0x00007ffb51860000 - 0x00007ffb51924000 	C:\Windows\System32\KERNEL32.DLL
0x00007ffb50c30000 - 0x00007ffb50fdd000 	C:\Windows\System32\KERNELBASE.dll
0x00007ffb511e0000 - 0x00007ffb512f1000 	C:\Windows\System32\ucrtbase.dll
0x00007ffb45bf0000 - 0x00007ffb45c0b000 	C:\Program Files\Android\Android Studio\jbr\bin\VCRUNTIME140.dll
0x00007ffb43a10000 - 0x00007ffb43a27000 	C:\Program Files\Android\Android Studio\jbr\bin\jli.dll
0x00007ffb51bc0000 - 0x00007ffb51d6e000 	C:\Windows\System32\USER32.dll
0x00007ffb50c00000 - 0x00007ffb50c26000 	C:\Windows\System32\win32u.dll
0x00007ffb53460000 - 0x00007ffb53489000 	C:\Windows\System32\GDI32.dll
0x00007ffb50ae0000 - 0x00007ffb50bf9000 	C:\Windows\System32\gdi32full.dll
0x00007ffb51050000 - 0x00007ffb510ea000 	C:\Windows\System32\msvcp_win.dll
0x00007ffb44150000 - 0x00007ffb443e3000 	C:\Windows\WinSxS\amd64_microsoft.windows.common-controls_6595b64144ccf1df_6.0.22621.3672_none_2713b9d173822955\COMCTL32.dll
0x00007ffb53490000 - 0x00007ffb53537000 	C:\Windows\System32\msvcrt.dll
0x00007ffb52220000 - 0x00007ffb52251000 	C:\Windows\System32\IMM32.DLL
0x00007ffb45be0000 - 0x00007ffb45bec000 	C:\Program Files\Android\Android Studio\jbr\bin\vcruntime140_1.dll
0x00007ffb2b9e0000 - 0x00007ffb2ba6d000 	C:\Program Files\Android\Android Studio\jbr\bin\msvcp140.dll
0x00007ffb04970000 - 0x00007ffb055f3000 	C:\Program Files\Android\Android Studio\jbr\bin\server\jvm.dll
0x00007ffb51b00000 - 0x00007ffb51bb2000 	C:\Windows\System32\ADVAPI32.dll
0x00007ffb52030000 - 0x00007ffb520d9000 	C:\Windows\System32\sechost.dll
0x00007ffb511b0000 - 0x00007ffb511d8000 	C:\Windows\System32\bcrypt.dll
0x00007ffb520f0000 - 0x00007ffb52204000 	C:\Windows\System32\RPCRT4.dll
0x00007ffb4d6e0000 - 0x00007ffb4d6e9000 	C:\Windows\SYSTEM32\WSOCK32.dll
0x00007ffb4f930000 - 0x00007ffb4f97d000 	C:\Windows\SYSTEM32\POWRPROF.dll
0x00007ffb51a80000 - 0x00007ffb51af1000 	C:\Windows\System32\WS2_32.dll
0x00007ffb48e40000 - 0x00007ffb48e4a000 	C:\Windows\SYSTEM32\VERSION.dll
0x00007ffb46140000 - 0x00007ffb46174000 	C:\Windows\SYSTEM32\WINMM.dll
0x00007ffb4f910000 - 0x00007ffb4f923000 	C:\Windows\SYSTEM32\UMPDC.dll
0x00007ffb4fb20000 - 0x00007ffb4fb38000 	C:\Windows\SYSTEM32\kernel.appcore.dll
0x00007ffb4d6d0000 - 0x00007ffb4d6da000 	C:\Program Files\Android\Android Studio\jbr\bin\jimage.dll
0x00007ffb44a40000 - 0x00007ffb44c72000 	C:\Windows\SYSTEM32\DBGHELP.DLL
0x00007ffb52790000 - 0x00007ffb52b18000 	C:\Windows\System32\combase.dll
0x00007ffb53380000 - 0x00007ffb53457000 	C:\Windows\System32\OLEAUT32.dll
0x00007ffb364d0000 - 0x00007ffb36502000 	C:\Windows\SYSTEM32\dbgcore.DLL
0x00007ffb51300000 - 0x00007ffb5137b000 	C:\Windows\System32\bcryptPrimitives.dll
0x00007ffb46180000 - 0x00007ffb461a5000 	C:\Program Files\Android\Android Studio\jbr\bin\java.dll

dbghelp: loaded successfully - version: 4.0.5 - missing functions: none
symbol engine: initialized successfully - sym options: 0x614 - pdb path: .;C:\Program Files\Android\Android Studio\jbr\bin;C:\Windows\SYSTEM32;C:\Windows\WinSxS\amd64_microsoft.windows.common-controls_6595b64144ccf1df_6.0.22621.3672_none_2713b9d173822955;C:\Program Files\Android\Android Studio\jbr\bin\server

VM Arguments:
java_command: org.jetbrains.kotlin.cli.jvm.K2JVMCompiler @D:\Sharing\Kalkulator Final\28_Muhammad Choirul Rasyid_Final\app\build\20240925_2883633535005777398.compiler.options
java_class_path (initial): C:\Users\MyPC PRO\.gradle\caches\modules-2\files-2.1\org.jetbrains.kotlin\kotlin-compiler-embeddable\1.9.0\2c8c3a7402becca891f12739b3e9fd2dc2adbd7a\kotlin-compiler-embeddable-1.9.0.jar;C:\Users\MyPC PRO\.gradle\caches\modules-2\files-2.1\org.jetbrains.kotlin\kotlin-stdlib\1.9.0\8ee15ef0c67dc83d874f412d84378d7f0eb50b63\kotlin-stdlib-1.9.0.jar;C:\Users\MyPC PRO\.gradle\caches\modules-2\files-2.1\org.jetbrains.kotlin\kotlin-script-runtime\1.9.0\4b3102cbbb7e1b58d9d1adf89563f00069ffa7d1\kotlin-script-runtime-1.9.0.jar;C:\Users\MyPC PRO\.gradle\caches\modules-2\files-2.1\org.jetbrains.kotlin\kotlin-reflect\1.6.10\1cbe9c92c12a94eea200d23c2bbaedaf3daf5132\kotlin-reflect-1.6.10.jar;C:\Users\MyPC PRO\.gradle\caches\modules-2\files-2.1\org.jetbrains.kotlin\kotlin-daemon-embeddable\1.9.0\186543f5e28cf8d9a0290fecc2cf34301c40a65c\kotlin-daemon-embeddable-1.9.0.jar;C:\Users\MyPC PRO\.gradle\caches\modules-2\files-2.1\org.jetbrains.intellij.deps\trove4j\1.0.20200330\3afb14d5f9ceb459d724e907a21145e8ff394f02\trove4j-1.0.20200330.jar;C:\Users\MyPC PRO\.gradle\caches\modules-2\files-2.1\org.jetbrains.kotlin\kotlin-stdlib-common\1.9.0\cd65c21cfd1eec4d44ef09f9f52b6d9f8a720636\kotlin-stdlib-common-1.9.0.jar;C:\Users\MyPC PRO\.gradle\caches\modules-2\files-2.1\org.jetbrains\annotations\13.0\919f0dfe192fb4e063e7dacadee7f8bb9a2672a9\annotations-13.0.jar
Launcher Type: SUN_STANDARD

[Global flags]
     intx CICompilerCount                          = 12                                        {product} {ergonomic}
     uint ConcGCThreads                            = 4                                         {product} {ergonomic}
     uint G1ConcRefinementThreads                  = 15                                        {product} {ergonomic}
   size_t G1HeapRegionSize                         = 2097152                                   {product} {ergonomic}
    uintx GCDrainStackTargetSize                   = 64                                        {product} {ergonomic}
   size_t InitialHeapSize                          = 266338304                                 {product} {ergonomic}
   size_t MarkStackSize                            = 4194304                                   {product} {ergonomic}
   size_t MaxHeapSize                              = 4250927104                                {product} {ergonomic}
   size_t MinHeapDeltaBytes                        = 2097152                                   {product} {ergonomic}
   size_t MinHeapSize                              = 8388608                                   {product} {ergonomic}
    uintx NonNMethodCodeHeapSize                   = 7602480                                {pd product} {ergonomic}
    uintx NonProfiledCodeHeapSize                  = 122027880                              {pd product} {ergonomic}
    uintx ProfiledCodeHeapSize                     = 122027880                              {pd product} {ergonomic}
    uintx ReservedCodeCacheSize                    = 251658240                              {pd product} {ergonomic}
     bool SegmentedCodeCache                       = true                                      {product} {ergonomic}
   size_t SoftMaxHeapSize                          = 4250927104                             {manageable} {ergonomic}
     bool UseCompressedClassPointers               = true                           {product lp64_product} {ergonomic}
     bool UseCompressedOops                        = true                           {product lp64_product} {ergonomic}
     bool UseG1GC                                  = true                                      {product} {ergonomic}
     bool UseLargePagesIndividualAllocation        = false                                  {pd product} {ergonomic}

Logging:
Log output configuration:
 #0: stdout all=warning uptime,level,tags
 #1: stderr all=off uptime,level,tags

Environment Variables:
PATH=C:\Program Files (x86)\Common Files\Oracle\Java\java8path;C:\Program Files (x86)\Common Files\Oracle\Java\javapath;C:\Windows\system32;C:\Windows;C:\Windows\System32\Wbem;C:\Windows\System32\WindowsPowerShell\v1.0\;C:\Windows\System32\OpenSSH\;C:\Program Files (x86)\NVIDIA Corporation\PhysX\Common;C:\Program Files\NVIDIA Corporation\NVIDIA NvDLISR;C:\Program Files\nodejs\;C:\Users\MyPC PRO\AppData\Local\Programs\Python;C:\Program Files\Git\cmd;C:\Users\MyPC PRO\AppData\Local\Programs\Python\Launcher\;C:\Users\MyPC PRO\AppData\Local\Microsoft\WindowsApps;C:\Users\MyPC PRO\IntelliJ IDEA Community Edition 2024.1.4\bin;;C:\Users\MyPC PRO\AppData\Roaming\npm;C:\Program Files\JetBrains\PyCharm Community Edition 2024.2\bin;;C:\Users\MyPC PRO\AppData\Local\Programs\Python;C:\Users\MyPC PRO\AppData\Local\Programs\Microsoft VS Code\bin;C:\Users\MyPC PRO\AppData\Local\spicetify
USERNAME=MyPC PRO
OS=Windows_NT
PROCESSOR_IDENTIFIER=Intel64 Family 6 Model 151 Stepping 2, GenuineIntel
TMP=C:\Users\MYPCPR~1\AppData\Local\Temp
TEMP=C:\Users\MYPCPR~1\AppData\Local\Temp



Periodic native trim disabled

JNI global refs:
JNI global refs: 0, weak refs: 0

JNI global refs memory usage: 0, weak refs: 0

OOME stack traces (most recent first):
Classloader memory used:


---------------  S Y S T E M  ---------------

OS:
 Windows 11 , 64 bit Build 22621 (10.0.22621.3672)
OS uptime: 7 days 20:20 hours
Hyper-V role detected

CPU: total 20 (initial active 20) (10 cores per cpu, 2 threads per core) family 6 model 151 stepping 2 microcode 0x32, cx8, cmov, fxsr, ht, mmx, 3dnowpref, sse, sse2, sse3, ssse3, sse4.1, sse4.2, popcnt, lzcnt, tsc, tscinvbit, avx, avx2, aes, erms, clmul, bmi1, bmi2, adx, sha, fma, vzeroupper, clflush, clflushopt, clwb, hv
Processor Information for all 20 processors :
  Max Mhz: 2100, Current Mhz: 2100, Mhz Limit: 2100

Memory: 4k page, system-wide physical 16213M (3975M free)
TotalPageFile size 65365M (AvailPageFile size 169M)
current process WorkingSet (physical memory assigned to process): 11M, peak: 11M
current process commit charge ("private bytes"): 75M, peak: 329M

vm_info: OpenJDK 64-Bit Server VM (17.0.10+0--11609105) for windows-amd64 JRE (17.0.10+0--11609105), built on Mar 21 2024 19:10:56 by "androidbuild" with MS VC++ 16.10 / 16.11 (VS2019)

END.
